in /Users/jinsu0411/Documents/soma2/conf/routes - PlayException: Compilation error [Identifier expected]
	at sbt.PlayCommands$$anonfun$52.apply(PlayCommands.scala:433)
	at sbt.PlayCommands$$anonfun$52.apply(PlayCommands.scala:423)
	at sbt.Scoped$$anonfun$hf3$1.apply(Structure.scala:474)
	at sbt.Scoped$$anonfun$hf3$1.apply(Structure.scala:474)
	at scala.Function1$$anonfun$compose$1.apply(Function1.scala:41)
	at sbt.Scoped$Reduced$$anonfun$combine$1$$anonfun$apply$11.apply(Structure.scala:295)
	at sbt.Scoped$Reduced$$anonfun$combine$1$$anonfun$apply$11.apply(Structure.scala:295)
	at sbt.$tilde$greater$$anonfun$$u2219$1.apply(TypeFunctions.scala:40)
	at sbt.std.Transform$$anon$5.work(System.scala:67)
	at sbt.Execute$$anonfun$submit$1$$anonfun$apply$1.apply(Execute.scala:221)
	at sbt.Execute$$anonfun$submit$1$$anonfun$apply$1.apply(Execute.scala:221)
	at sbt.ErrorHandling$.wideConvert(ErrorHandling.scala:18)
	at sbt.Execute.work(Execute.scala:227)
	at sbt.Execute$$anonfun$submit$1.apply(Execute.scala:221)
	at sbt.Execute$$anonfun$submit$1.apply(Execute.scala:221)
	at sbt.CompletionService$$anon$1$$anon$2.call(CompletionService.scala:26)
	at java.util.concurrent.FutureTask$Sync.innerRun(FutureTask.java:334)
	at java.util.concurrent.FutureTask.run(FutureTask.java:166)
	at java.util.concurrent.Executors$RunnableAdapter.call(Executors.java:471)
	at java.util.concurrent.FutureTask$Sync.innerRun(FutureTask.java:334)
	at java.util.concurrent.FutureTask.run(FutureTask.java:166)
	at java.util.concurrent.ThreadPoolExecutor.runWorker(ThreadPoolExecutor.java:1110)
	at java.util.concurrent.ThreadPoolExecutor$Worker.run(ThreadPoolExecutor.java:603)
	at java.lang.Thread.run(Thread.java:722)
[0m[[31merror[0m] [0m{file:/Users/jinsu0411/Documents/soma2/}soma2/compile:[31msources[0m: in /Users/jinsu0411/Documents/soma2/conf/routes - PlayException: Compilation error [Identifier expected][0m
